<?xml version="1.0" encoding="UTF-8"?>
<!-- Generated by org.testng.reporters.JUnitXMLReporter -->
<testsuite ignored="0" hostname="DESKTOP-4RITQLV" failures="0" tests="3" name="Adresar Test - try to add without login" time="28.381" errors="0" timestamp="2024-02-01T23:51:43 CET">
  <testcase classname="tests.AdresarTest" name="verifyIsHomePageAndIsUserLogout" time="0.013"/>
  <testcase classname="tests.AdresarTest" name="openFirstProductOnDetailPage" time="1.288"/>
  <testcase classname="tests.AdresarTest" name="clickOn_DodajteUAdresar_buttonAndVerifyThatDoesNotAdded" time="0.459"/>
</testsuite> <!-- Adresar Test - try to add without login -->
