<?xml version="1.0" encoding="UTF-8"?>
<!-- Generated by org.testng.reporters.JUnitXMLReporter -->
<testsuite ignored="0" hostname="DESKTOP-4RITQLV" failures="0" tests="3" name="Adresar Test - try to add without login" time="27.886" errors="0" timestamp="2024-02-01T23:46:35 CET">
  <testcase classname="tests.AdresarTest" name="verifyIsHomePageAndIsUserLogout" time="0.014"/>
  <testcase classname="tests.AdresarTest" name="openFirstProductOnDetailPage" time="0.609"/>
  <testcase classname="tests.AdresarTest" name="clickOn_DodajteUAdresar_buttonAndVerifyThatDoesNotAdded" time="0.348"/>
</testsuite> <!-- Adresar Test - try to add without login -->
