<?xml version="1.0" encoding="UTF-8"?>
<testng-results ignored="0" total="12" passed="12" failed="0" skipped="0">
  <reporter-output>
  </reporter-output>
  <suite started-at="2024-02-01T23:50:47 CET" name="Smoke Suite" finished-at="2024-02-01T23:51:43 CET" duration-ms="55899">
    <groups>
    </groups>
    <test started-at="2024-02-01T23:50:47 CET" name="Advance Search Test - Selected predefined attributes and search" finished-at="2024-02-01T23:51:15 CET" duration-ms="27472">
      <class name="tests.AdvanceSearchTest">
        <test-method is-config="true" signature="setup()[pri:0, instance:tests.AdvanceSearchTest@694abbdc]" started-at="2024-02-01T23:50:47 CET" name="setup" finished-at="2024-02-01T23:51:10 CET" duration-ms="22904" status="PASS">
          <reporter-output>
          </reporter-output>
        </test-method> <!-- setup -->
        <test-method signature="openAdvanceSearchBoxAndVerify()[pri:1, instance:tests.AdvanceSearchTest@694abbdc]" started-at="2024-02-01T23:51:10 CET" name="openAdvanceSearchBoxAndVerify" finished-at="2024-02-01T23:51:11 CET" duration-ms="874" status="PASS">
          <reporter-output>
          </reporter-output>
        </test-method> <!-- openAdvanceSearchBoxAndVerify -->
        <test-method signature="enterValueForCategoryAndVerify()[pri:2, instance:tests.AdvanceSearchTest@694abbdc]" started-at="2024-02-01T23:51:11 CET" name="enterValueForCategoryAndVerify" finished-at="2024-02-01T23:51:12 CET" duration-ms="606" status="PASS">
          <reporter-output>
          </reporter-output>
        </test-method> <!-- enterValueForCategoryAndVerify -->
        <test-method signature="enterValueForCategoryGroupAndVerify()[pri:3, instance:tests.AdvanceSearchTest@694abbdc]" started-at="2024-02-01T23:51:12 CET" name="enterValueForCategoryGroupAndVerify" finished-at="2024-02-01T23:51:12 CET" duration-ms="175" status="PASS">
          <reporter-output>
          </reporter-output>
        </test-method> <!-- enterValueForCategoryGroupAndVerify -->
        <test-method signature="enterMinimalPriceAndVerify()[pri:4, instance:tests.AdvanceSearchTest@694abbdc]" started-at="2024-02-01T23:51:12 CET" name="enterMinimalPriceAndVerify" finished-at="2024-02-01T23:51:12 CET" duration-ms="220" status="PASS">
          <reporter-output>
          </reporter-output>
        </test-method> <!-- enterMinimalPriceAndVerify -->
        <test-method signature="select_Novo_FromAdditionalFilterAndVerify()[pri:5, instance:tests.AdvanceSearchTest@694abbdc]" started-at="2024-02-01T23:51:12 CET" name="select_Novo_FromAdditionalFilterAndVerify" finished-at="2024-02-01T23:51:13 CET" duration-ms="434" status="PASS">
          <reporter-output>
          </reporter-output>
        </test-method> <!-- select_Novo_FromAdditionalFilterAndVerify -->
        <test-method signature="select_KaoNovoNekorisceno_FromAdditionalFilterAndVerify()[pri:6, instance:tests.AdvanceSearchTest@694abbdc]" started-at="2024-02-01T23:51:13 CET" name="select_KaoNovoNekorisceno_FromAdditionalFilterAndVerify" finished-at="2024-02-01T23:51:13 CET" duration-ms="379" status="PASS">
          <reporter-output>
          </reporter-output>
        </test-method> <!-- select_KaoNovoNekorisceno_FromAdditionalFilterAndVerify -->
        <test-method signature="checkBox_SamoSaCenom_AndVerify()[pri:7, instance:tests.AdvanceSearchTest@694abbdc]" started-at="2024-02-01T23:51:13 CET" name="checkBox_SamoSaCenom_AndVerify" finished-at="2024-02-01T23:51:13 CET" duration-ms="170" status="PASS">
          <reporter-output>
          </reporter-output>
        </test-method> <!-- checkBox_SamoSaCenom_AndVerify -->
        <test-method signature="applyAllChangesAndVerifyIsAdvanceSearchBoxIsClosed()[pri:8, instance:tests.AdvanceSearchTest@694abbdc]" started-at="2024-02-01T23:51:13 CET" name="applyAllChangesAndVerifyIsAdvanceSearchBoxIsClosed" finished-at="2024-02-01T23:51:14 CET" duration-ms="1384" status="PASS">
          <reporter-output>
          </reporter-output>
        </test-method> <!-- applyAllChangesAndVerifyIsAdvanceSearchBoxIsClosed -->
        <test-method signature="isValidNumberOfProduct()[pri:9, instance:tests.AdvanceSearchTest@694abbdc]" started-at="2024-02-01T23:51:14 CET" name="isValidNumberOfProduct" finished-at="2024-02-01T23:51:15 CET" duration-ms="40" status="PASS">
          <reporter-output>
          </reporter-output>
        </test-method> <!-- isValidNumberOfProduct -->
        <test-method is-config="true" signature="exit()[pri:0, instance:tests.AdvanceSearchTest@694abbdc]" started-at="2024-02-01T23:51:15 CET" name="exit" finished-at="2024-02-01T23:51:15 CET" duration-ms="245" status="PASS">
          <reporter-output>
          </reporter-output>
        </test-method> <!-- exit -->
      </class> <!-- tests.AdvanceSearchTest -->
    </test> <!-- Advance Search Test - Selected predefined attributes and search -->
    <test started-at="2024-02-01T23:51:15 CET" name="Adresar Test - try to add without login" finished-at="2024-02-01T23:51:43 CET" duration-ms="28381">
      <class name="tests.AdresarTest">
        <test-method is-config="true" signature="setup()[pri:0, instance:tests.AdresarTest@59662a0b]" started-at="2024-02-01T23:51:15 CET" name="setup" finished-at="2024-02-01T23:51:37 CET" duration-ms="22408" status="PASS">
          <reporter-output>
          </reporter-output>
        </test-method> <!-- setup -->
        <test-method is-config="true" signature="clearCookies()[pri:0, instance:tests.AdresarTest@59662a0b]" started-at="2024-02-01T23:51:37 CET" name="clearCookies" finished-at="2024-02-01T23:51:41 CET" duration-ms="3933" status="PASS">
          <reporter-output>
          </reporter-output>
        </test-method> <!-- clearCookies -->
        <test-method signature="verifyIsHomePageAndIsUserLogout()[pri:1, instance:tests.AdresarTest@59662a0b]" started-at="2024-02-01T23:51:41 CET" name="verifyIsHomePageAndIsUserLogout" finished-at="2024-02-01T23:51:41 CET" duration-ms="13" status="PASS">
          <reporter-output>
          </reporter-output>
        </test-method> <!-- verifyIsHomePageAndIsUserLogout -->
        <test-method signature="openFirstProductOnDetailPage()[pri:2, instance:tests.AdresarTest@59662a0b]" started-at="2024-02-01T23:51:41 CET" name="openFirstProductOnDetailPage" finished-at="2024-02-01T23:51:42 CET" duration-ms="1288" status="PASS">
          <reporter-output>
          </reporter-output>
        </test-method> <!-- openFirstProductOnDetailPage -->
        <test-method signature="clickOn_DodajteUAdresar_buttonAndVerifyThatDoesNotAdded()[pri:3, instance:tests.AdresarTest@59662a0b]" started-at="2024-02-01T23:51:42 CET" name="clickOn_DodajteUAdresar_buttonAndVerifyThatDoesNotAdded" finished-at="2024-02-01T23:51:43 CET" duration-ms="459" status="PASS">
          <reporter-output>
          </reporter-output>
        </test-method> <!-- clickOn_DodajteUAdresar_buttonAndVerifyThatDoesNotAdded -->
        <test-method is-config="true" signature="exit()[pri:0, instance:tests.AdresarTest@59662a0b]" started-at="2024-02-01T23:51:43 CET" name="exit" finished-at="2024-02-01T23:51:43 CET" duration-ms="277" status="PASS">
          <reporter-output>
          </reporter-output>
        </test-method> <!-- exit -->
      </class> <!-- tests.AdresarTest -->
    </test> <!-- Adresar Test - try to add without login -->
  </suite> <!-- Smoke Suite -->
</testng-results>
