<?xml version="1.0" encoding="UTF-8"?>
<testsuite xmlns:xsi="http://www.w3.org/2001/XMLSchema-instance" xsi:noNamespaceSchemaLocation="https://maven.apache.org/surefire/maven-surefire-plugin/xsd/surefire-test-report-3.0.xsd" version="3.0" name="TestSuite" time="56.61" tests="12" errors="0" skipped="0" failures="0">
  <properties>
[...]
</properties>
  <testcase name="openAdvanceSearchBoxAndVerify" classname="tests.AdvanceSearchTest" time="0.876">
    <system-err><![CDATA[SLF4J(W): No SLF4J providers were found.
SLF4J(W): Defaulting to no-operation (NOP) logger implementation
SLF4J(W): See https://www.slf4j.org/codes.html#noProviders for further details.
]]></system-err>
  </testcase>
  <testcase name="enterValueForCategoryAndVerify" classname="tests.AdvanceSearchTest" time="0.606"/>
  <testcase name="enterValueForCategoryGroupAndVerify" classname="tests.AdvanceSearchTest" time="0.175"/>
  <testcase name="enterMinimalPriceAndVerify" classname="tests.AdvanceSearchTest" time="0.219"/>
  <testcase name="select_Novo_FromAdditionalFilterAndVerify" classname="tests.AdvanceSearchTest" time="0.433"/>
  <testcase name="select_KaoNovoNekorisceno_FromAdditionalFilterAndVerify" classname="tests.AdvanceSearchTest" time="0.378"/>
  <testcase name="checkBox_SamoSaCenom_AndVerify" classname="tests.AdvanceSearchTest" time="0.17"/>
  <testcase name="applyAllChangesAndVerifyIsAdvanceSearchBoxIsClosed" classname="tests.AdvanceSearchTest" time="1.384"/>
  <testcase name="isValidNumberOfProduct" classname="tests.AdvanceSearchTest" time="0.039"/>
  <testcase name="verifyIsHomePageAndIsUserLogout" classname="tests.AdresarTest" time="0.013"/>
  <testcase name="openFirstProductOnDetailPage" classname="tests.AdresarTest" time="1.289"/>
  <testcase name="clickOn_DodajteUAdresar_buttonAndVerifyThatDoesNotAdded" classname="tests.AdresarTest" time="0.46"/>
</testsuite>